Arguments: 
  /usr/bin/node /usr/bin/yarn init

PATH: 
  /home/gloryit/.rvm/gems/ruby-2.4.1/bin:/home/gloryit/.rvm/gems/ruby-2.4.1@global/bin:/home/gloryit/.rvm/rubies/ruby-2.4.1/bin:/usr/local/sbin:/usr/local/bin:/usr/sbin:/usr/bin:/sbin:/bin:/usr/games:/usr/local/games:/snap/bin:/home/gloryit/.rvm/bin:/home/gloryit/.rvm/bin

Yarn version: 
  1.7.0

Node version: 
  10.5.0

Platform: 
  linux x64

Trace: 
  SyntaxError: /www/kientrucmo/package.json: Unexpected end of JSON input
      at JSON.parse (<anonymous>)
      at /usr/lib/node_modules/yarn/lib/cli.js:1130:59
      at Generator.next (<anonymous>)
      at step (/usr/lib/node_modules/yarn/lib/cli.js:98:30)
      at /usr/lib/node_modules/yarn/lib/cli.js:109:13

npm manifest: 
  

yarn manifest: 
  No manifest

Lockfile: 
  No lockfile
